<?xml version="1.0" encoding="UTF-8"?>
<!-- Generated by org.testng.reporters.JUnitReportReporter -->
<testsuite hostname="Innovapath-HP" name="Rest.testParserApi.AppTest2" tests="5" failures="0" timestamp="11 Mar 2017 00:05:53 GMT" time="4.042" errors="0">
  <testcase name="education" time="0.007" classname="Rest.testParserApi.AppTest2"/>
  <testcase name="basic" time="0.016" classname="Rest.testParserApi.AppTest2"/>
  <testcase name="email" time="0.003" classname="Rest.testParserApi.AppTest2"/>
  <testcase name="work" time="0.005" classname="Rest.testParserApi.AppTest2"/>
  <testcase name="apiTest" time="4.011" classname="Rest.testParserApi.AppTest2"/>
</testsuite> <!-- Rest.testParserApi.AppTest2 -->
