<?xml version="1.0" encoding="UTF-8"?>
<!-- Generated by org.testng.reporters.JUnitReportReporter -->
<testsuite hostname="Innovapath-HP" name="Rest.testParserApi.AppTest" tests="5" failures="0" timestamp="11 Mar 2017 00:07:28 GMT" time="3.399" errors="0">
  <testcase name="education" time="0.002" classname="Rest.testParserApi.AppTest"/>
  <testcase name="basic" time="0.003" classname="Rest.testParserApi.AppTest"/>
  <testcase name="email" time="0.008" classname="Rest.testParserApi.AppTest"/>
  <testcase name="work" time="0.002" classname="Rest.testParserApi.AppTest"/>
  <testcase name="apiTest" time="3.384" classname="Rest.testParserApi.AppTest"/>
</testsuite> <!-- Rest.testParserApi.AppTest -->
